<?xml version="1.0" encoding="UTF-8"?>
<!-- Generated by org.testng.reporters.JUnitXMLReporter -->
<testsuite hostname="Nithyas-MacBook-Pro.local" ignored="0" name="SingleTest" tests="1" failures="1" timestamp="17 Mar 2020 10:06:40 GMT" time="0.266" errors="0">
  <testcase name="runScenario" time="0.154" classname="io.cucumber.testng.AbstractTestNGCucumberTests">
    <failure type="java.lang.NullPointerException">
      <![CDATA[java.lang.NullPointerException
at appium.StepDefsAndroid.open_Application(StepDefsAndroid.java:32)
at ✽.Open Application(file:src/test/resources/appium/appiumFeature.feature:3)
]]>
    </failure>
  </testcase> <!-- runScenario -->
</testsuite> <!-- SingleTest -->
