<?xml version="1.0" encoding="UTF-8"?>
<!-- Generated by org.testng.reporters.JUnitXMLReporter -->
<testsuite hostname="Nithyas-MacBook-Pro.local" ignored="0" name="ParallelTest" tests="3" failures="0" timestamp="21 Feb 2020 10:32:48 GMT" time="14.551" errors="0">
  <testcase name="runScenario" time="7.747" classname="io.cucumber.testng.AbstractTestNGCucumberTests"/>
  <testcase name="runScenario" time="13.827" classname="io.cucumber.testng.AbstractTestNGCucumberTests"/>
  <testcase name="runScenario" time="14.439" classname="io.cucumber.testng.AbstractTestNGCucumberTests"/>
</testsuite> <!-- ParallelTest -->
