<?xml version="1.0" encoding="UTF-8"?>
<!-- Generated by org.testng.reporters.JUnitXMLReporter -->
<testsuite hostname="Nithyas-MacBook-Pro.local" ignored="0" name="ParallelTest" tests="2" failures="0" timestamp="04 Nov 2019 11:20:39 GMT" time="15.624" errors="0">
  <testcase name="runScenario" time="10.096" classname="io.cucumber.testng.AbstractTestNGCucumberTests"/>
  <testcase name="runScenario" time="15.516" classname="io.cucumber.testng.AbstractTestNGCucumberTests"/>
</testsuite> <!-- ParallelTest -->
